#
# There is insufficient memory for the Java Runtime Environment to continue.
# Native memory allocation (malloc) failed to allocate 2046096 bytes for Chunk::new
# Possible reasons:
#   The system is out of physical RAM or swap space
#   The process is running with CompressedOops enabled, and the Java Heap may be blocking the growth of the native heap
# Possible solutions:
#   Reduce memory load on the system
#   Increase physical memory or swap space
#   Check if swap backing store is full
#   Decrease Java heap size (-Xmx/-Xms)
#   Decrease number of Java threads
#   Decrease Java thread stack sizes (-Xss)
#   Set larger code cache with -XX:ReservedCodeCacheSize=
#   JVM is running with Unscaled Compressed Oops mode in which the Java heap is
#     placed in the first 4GB address space. The Java Heap base address is the
#     maximum limit for the native heap growth. Please use -XX:HeapBaseMinAddress
#     to set the Java Heap base and to place the Java Heap above 4GB virtual address.
# This output file may be truncated or incomplete.
#
#  Out of Memory Error (allocation.cpp:389), pid=4804, tid=0x0000000000000c18
#
# JRE version: Java(TM) SE Runtime Environment (8.0_251-b08) (build 1.8.0_251-b08)
# Java VM: Java HotSpot(TM) 64-Bit Server VM (25.251-b08 mixed mode windows-amd64 compressed oops)
# Failed to write core dump. Minidumps are not enabled by default on client versions of Windows
#

---------------  T H R E A D  ---------------

Current thread (0x0000000014638000):  JavaThread "C2 CompilerThread0" daemon [_thread_in_native, id=3096, stack(0x0000000015670000,0x0000000015770000)]

Stack: [0x0000000015670000,0x0000000015770000]
[error occurred during error reporting (printing stack bounds), id 0xc0000005]

Native frames: (J=compiled Java code, j=interpreted, Vv=VM code, C=native code)


Current CompileTask:
C2:  12187 2915       4       java.net.URLClassLoader$1::run (5 bytes)


---------------  P R O C E S S  ---------------

Java Threads: ( => current thread )
  0x00000000146a0000 JavaThread "Service Thread" daemon [_thread_blocked, id=7328, stack(0x0000000015870000,0x0000000015970000)]
  0x000000001463d800 JavaThread "C1 CompilerThread1" daemon [_thread_blocked, id=7748, stack(0x0000000015770000,0x0000000015870000)]
=>0x0000000014638000 JavaThread "C2 CompilerThread0" daemon [_thread_in_native, id=3096, stack(0x0000000015670000,0x0000000015770000)]
  0x0000000014635800 JavaThread "Attach Listener" daemon [_thread_blocked, id=1520, stack(0x0000000015570000,0x0000000015670000)]
  0x0000000014632000 JavaThread "Signal Dispatcher" daemon [_thread_blocked, id=6132, stack(0x0000000015470000,0x0000000015570000)]
  0x00000000022ea000 JavaThread "Finalizer" daemon [_thread_blocked, id=3012, stack(0x0000000015270000,0x0000000015370000)]
  0x00000000022e0800 JavaThread "Reference Handler" daemon [_thread_blocked, id=2772, stack(0x0000000015170000,0x0000000015270000)]
  0x00000000021f2800 JavaThread "main" [_thread_in_Java, id=1184, stack(0x0000000002040000,0x0000000002140000)]

Other Threads:
  0x00000000145f7000 VMThread [stack: 0x0000000015070000,0x0000000015170000] [id=7304]
  0x00000000146ae000 WatcherThread [stack: 0x0000000015970000,0x0000000015a70000] [id=4124]

VM state:not at safepoint (normal execution)

VM Mutex/Monitor currently owned by a thread: None

heap address: 0x00000000c2200000, size: 990 MB, Compressed Oops mode: 32-bit
Narrow klass base: 0x0000000000000000, Narrow klass shift: 3
Compressed class space size: 1073741824 Address: 0x0000000100000000

Heap:
 PSYoungGen      total 37888K, used 28228K [0x00000000eb600000, 0x00000000f0000000, 0x0000000100000000)
  eden space 31744K, 73% used [0x00000000eb600000,0x00000000ecce4d18,0x00000000ed500000)
  from space 6144K, 77% used [0x00000000ed500000,0x00000000ed9ac618,0x00000000edb00000)
  to   space 6144K, 0% used [0x00000000efa00000,0x00000000efa00000,0x00000000f0000000)
 ParOldGen       total 42496K, used 9690K [0x00000000c2200000, 0x00000000c4b80000, 0x00000000eb600000)
  object space 42496K, 22% used [0x00000000c2200000,0x00000000c2b76918,0x00000000c4b80000)
 Metaspace       used 20304K, capacity 20752K, committed 21120K, reserved 1067008K
  class space    used 2445K, capacity 2580K, committed 2688K, reserved 1048576K

Card table byte_map: [0x00000000116b0000,0x00000000118a0000] byte_map_base: 0x000000001109f000

Marking Bits: (ParMarkBitMap*) 0x000000007687af90
 Begin Bits: [0x0000000011bf0000, 0x0000000012b68000)
 End Bits:   [0x0000000012b68000, 0x0000000013ae0000)

Polling page: 0x00000000001e0000

CodeCache: size=245760Kb used=9369Kb max_used=9369Kb free=236390Kb
 bounds [0x00000000022f0000, 0x0000000002c20000, 0x00000000112f0000]
 total_blobs=3296 nmethods=2912 adapters=297
 compilation: enabled

Compilation events (10 events):
Event: 11.768 Thread 0x000000001463d800 2936       3       com.sun.tools.javac.util.List::<init> (15 bytes)
Event: 11.768 Thread 0x000000001463d800 nmethod 2936 0x0000000002c13710 code [0x0000000002c13880, 0x0000000002c13ab0]
Event: 11.769 Thread 0x000000001463d800 2937       3       com.sun.tools.javac.util.Assert::check (8 bytes)
Event: 11.769 Thread 0x000000001463d800 nmethod 2937 0x0000000002420c50 code [0x0000000002420dc0, 0x0000000002421048]
Event: 12.105 Thread 0x000000001463d800 2938       3       com.sun.tools.javac.util.Context::checkState (13 bytes)
Event: 12.106 Thread 0x000000001463d800 nmethod 2938 0x000000000241f510 code [0x000000000241f680, 0x000000000241f8a8]
Event: 12.146 Thread 0x000000001463d800 2939       1       com.sun.tools.javac.util.SharedNameTable$NameImpl::getIndex (5 bytes)
Event: 12.147 Thread 0x000000001463d800 nmethod 2939 0x000000000241f250 code [0x000000000241f3a0, 0x000000000241f4b0]
Event: 12.151 Thread 0x000000001463d800 2940       3       com.sun.tools.javac.util.Context::uncheckedCast (2 bytes)
Event: 12.151 Thread 0x000000001463d800 nmethod 2940 0x000000000241ef50 code [0x000000000241f0a0, 0x000000000241f1d0]

GC Heap History (10 events):
Event: 2.612 GC heap before
{Heap before GC invocations=3 (full 0):
 PSYoungGen      total 18432K, used 18413K [0x00000000eb600000, 0x00000000eca80000, 0x0000000100000000)
  eden space 15872K, 100% used [0x00000000eb600000,0x00000000ec580000,0x00000000ec580000)
  from space 2560K, 99% used [0x00000000ec800000,0x00000000eca7b4f0,0x00000000eca80000)
  to   space 2560K, 0% used [0x00000000ec580000,0x00000000ec580000,0x00000000ec800000)
 ParOldGen       total 42496K, used 1756K [0x00000000c2200000, 0x00000000c4b80000, 0x00000000eb600000)
  object space 42496K, 4% used [0x00000000c2200000,0x00000000c23b73e0,0x00000000c4b80000)
 Metaspace       used 10064K, capacity 10220K, committed 10240K, reserved 1058816K
  class space    used 1222K, capacity 1280K, committed 1280K, reserved 1048576K
Event: 2.620 GC heap after
Heap after GC invocations=3 (full 0):
 PSYoungGen      total 18432K, used 2548K [0x00000000eb600000, 0x00000000eca80000, 0x0000000100000000)
  eden space 15872K, 0% used [0x00000000eb600000,0x00000000eb600000,0x00000000ec580000)
  from space 2560K, 99% used [0x00000000ec580000,0x00000000ec7fd1d8,0x00000000ec800000)
  to   space 2560K, 0% used [0x00000000ec800000,0x00000000ec800000,0x00000000eca80000)
 ParOldGen       total 42496K, used 3798K [0x00000000c2200000, 0x00000000c4b80000, 0x00000000eb600000)
  object space 42496K, 8% used [0x00000000c2200000,0x00000000c25b58d8,0x00000000c4b80000)
 Metaspace       used 10064K, capacity 10220K, committed 10240K, reserved 1058816K
  class space    used 1222K, capacity 1280K, committed 1280K, reserved 1048576K
}
Event: 3.370 GC heap before
{Heap before GC invocations=4 (full 0):
 PSYoungGen      total 18432K, used 18420K [0x00000000eb600000, 0x00000000eca80000, 0x0000000100000000)
  eden space 15872K, 100% used [0x00000000eb600000,0x00000000ec580000,0x00000000ec580000)
  from space 2560K, 99% used [0x00000000ec580000,0x00000000ec7fd1d8,0x00000000ec800000)
  to   space 2560K, 0% used [0x00000000ec800000,0x00000000ec800000,0x00000000eca80000)
 ParOldGen       total 42496K, used 3798K [0x00000000c2200000, 0x00000000c4b80000, 0x00000000eb600000)
  object space 42496K, 8% used [0x00000000c2200000,0x00000000c25b58d8,0x00000000c4b80000)
 Metaspace       used 12037K, capacity 12196K, committed 12416K, reserved 1060864K
  class space    used 1502K, capacity 1574K, committed 1664K, reserved 1048576K
Event: 3.382 GC heap after
Heap after GC invocations=4 (full 0):
 PSYoungGen      total 18432K, used 2528K [0x00000000eb600000, 0x00000000eda00000, 0x0000000100000000)
  eden space 15872K, 0% used [0x00000000eb600000,0x00000000eb600000,0x00000000ec580000)
  from space 2560K, 98% used [0x00000000ec800000,0x00000000eca78040,0x00000000eca80000)
  to   space 2560K, 0% used [0x00000000ec580000,0x00000000ec580000,0x00000000ec800000)
 ParOldGen       total 42496K, used 6182K [0x00000000c2200000, 0x00000000c4b80000, 0x00000000eb600000)
  object space 42496K, 14% used [0x00000000c2200000,0x00000000c2809af8,0x00000000c4b80000)
 Metaspace       used 12037K, capacity 12196K, committed 12416K, reserved 1060864K
  class space    used 1502K, capacity 1574K, committed 1664K, reserved 1048576K
}
Event: 4.522 GC heap before
{Heap before GC invocations=5 (full 0):
 PSYoungGen      total 18432K, used 18400K [0x00000000eb600000, 0x00000000eda00000, 0x0000000100000000)
  eden space 15872K, 100% used [0x00000000eb600000,0x00000000ec580000,0x00000000ec580000)
  from space 2560K, 98% used [0x00000000ec800000,0x00000000eca78040,0x00000000eca80000)
  to   space 2560K, 0% used [0x00000000ec580000,0x00000000ec580000,0x00000000ec800000)
 ParOldGen       total 42496K, used 6182K [0x00000000c2200000, 0x00000000c4b80000, 0x00000000eb600000)
  object space 42496K, 14% used [0x00000000c2200000,0x00000000c2809af8,0x00000000c4b80000)
 Metaspace       used 14790K, capacity 15008K, committed 15232K, reserved 1062912K
  class space    used 1813K, capacity 1904K, committed 1920K, reserved 1048576K
Event: 4.536 GC heap after
Heap after GC invocations=5 (full 0):
 PSYoungGen      total 18432K, used 2553K [0x00000000eb600000, 0x00000000ee100000, 0x0000000100000000)
  eden space 15872K, 0% used [0x00000000eb600000,0x00000000eb600000,0x00000000ec580000)
  from space 2560K, 99% used [0x00000000ec580000,0x00000000ec7fe5a8,0x00000000ec800000)
  to   space 6144K, 0% used [0x00000000edb00000,0x00000000edb00000,0x00000000ee100000)
 ParOldGen       total 42496K, used 8706K [0x00000000c2200000, 0x00000000c4b80000, 0x00000000eb600000)
  object space 42496K, 20% used [0x00000000c2200000,0x00000000c2a80888,0x00000000c4b80000)
 Metaspace       used 14790K, capacity 15008K, committed 15232K, reserved 1062912K
  class space    used 1813K, capacity 1904K, committed 1920K, reserved 1048576K
}
Event: 5.394 GC heap before
{Heap before GC invocations=6 (full 0):
 PSYoungGen      total 18432K, used 18425K [0x00000000eb600000, 0x00000000ee100000, 0x0000000100000000)
  eden space 15872K, 100% used [0x00000000eb600000,0x00000000ec580000,0x00000000ec580000)
  from space 2560K, 99% used [0x00000000ec580000,0x00000000ec7fe5a8,0x00000000ec800000)
  to   space 6144K, 0% used [0x00000000edb00000,0x00000000edb00000,0x00000000ee100000)
 ParOldGen       total 42496K, used 8706K [0x00000000c2200000, 0x00000000c4b80000, 0x00000000eb600000)
  object space 42496K, 20% used [0x00000000c2200000,0x00000000c2a80888,0x00000000c4b80000)
 Metaspace       used 15696K, capacity 15884K, committed 16128K, reserved 1062912K
  class space    used 1896K, capacity 1976K, committed 2048K, reserved 1048576K
Event: 5.418 GC heap after
Heap after GC invocations=6 (full 0):
 PSYoungGen      total 37888K, used 4431K [0x00000000eb600000, 0x00000000ee100000, 0x0000000100000000)
  eden space 31744K, 0% used [0x00000000eb600000,0x00000000eb600000,0x00000000ed500000)
  from space 6144K, 72% used [0x00000000edb00000,0x00000000edf53e60,0x00000000ee100000)
  to   space 6144K, 0% used [0x00000000ed500000,0x00000000ed500000,0x00000000edb00000)
 ParOldGen       total 42496K, used 8706K [0x00000000c2200000, 0x00000000c4b80000, 0x00000000eb600000)
  object space 42496K, 20% used [0x00000000c2200000,0x00000000c2a80888,0x00000000c4b80000)
 Metaspace       used 15696K, capacity 15884K, committed 16128K, reserved 1062912K
  class space    used 1896K, capacity 1976K, committed 2048K, reserved 1048576K
}
Event: 10.922 GC heap before
{Heap before GC invocations=7 (full 0):
 PSYoungGen      total 37888K, used 36175K [0x00000000eb600000, 0x00000000ee100000, 0x0000000100000000)
  eden space 31744K, 100% used [0x00000000eb600000,0x00000000ed500000,0x00000000ed500000)
  from space 6144K, 72% used [0x00000000edb00000,0x00000000edf53e60,0x00000000ee100000)
  to   space 6144K, 0% used [0x00000000ed500000,0x00000000ed500000,0x00000000edb00000)
 ParOldGen       total 42496K, used 8706K [0x00000000c2200000, 0x00000000c4b80000, 0x00000000eb600000)
  object space 42496K, 20% used [0x00000000c2200000,0x00000000c2a80888,0x00000000c4b80000)
 Metaspace       used 16607K, capacity 17000K, committed 17280K, reserved 1064960K
  class space    used 1959K, capacity 2052K, committed 2176K, reserved 1048576K
Event: 10.943 GC heap after
Heap after GC invocations=7 (full 0):
 PSYoungGen      total 37888K, used 4785K [0x00000000eb600000, 0x00000000f0000000, 0x0000000100000000)
  eden space 31744K, 0% used [0x00000000eb600000,0x00000000eb600000,0x00000000ed500000)
  from space 6144K, 77% used [0x00000000ed500000,0x00000000ed9ac618,0x00000000edb00000)
  to   space 6144K, 0% used [0x00000000efa00000,0x00000000efa00000,0x00000000f0000000)
 ParOldGen       total 42496K, used 9690K [0x00000000c2200000, 0x00000000c4b80000, 0x00000000eb600000)
  object space 42496K, 22% used [0x00000000c2200000,0x00000000c2b76918,0x00000000c4b80000)
 Metaspace       used 16607K, capacity 17000K, committed 17280K, reserved 1064960K
  class space    used 1959K, capacity 2052K, committed 2176K, reserved 1048576K
}

Deoptimization events (10 events):
Event: 5.292 Thread 0x00000000021f2800 Uncommon trap: reason=class_check action=maybe_recompile pc=0x00000000027ef1c8 method=com.google.inject.internal.LinkedBindingImpl.acceptTargetVisitor(Lcom/google/inject/spi/BindingTargetVisitor;)Ljava/lang/Object; @ 2
Event: 5.321 Thread 0x00000000021f2800 Uncommon trap: reason=class_check action=maybe_recompile pc=0x00000000027ef1c8 method=com.google.inject.internal.LinkedBindingImpl.acceptTargetVisitor(Lcom/google/inject/spi/BindingTargetVisitor;)Ljava/lang/Object; @ 2
Event: 5.321 Thread 0x00000000021f2800 Uncommon trap: reason=class_check action=maybe_recompile pc=0x00000000027ef1c8 method=com.google.inject.internal.LinkedBindingImpl.acceptTargetVisitor(Lcom/google/inject/spi/BindingTargetVisitor;)Ljava/lang/Object; @ 2
Event: 7.261 Thread 0x00000000021f2800 Uncommon trap: reason=unstable_if action=reinterpret pc=0x000000000255ce88 method=sun.nio.cs.UTF_8$Decoder.decode([BII[C)I @ 30
Event: 10.397 Thread 0x00000000021f2800 Uncommon trap: reason=null_check action=make_not_entrant pc=0x0000000002a798ec method=org.apache.maven.model.io.xpp3.MavenXpp3Reader.checkFieldWithDuplicate(Lorg/codehaus/plexus/util/xml/pull/XmlPullParser;Ljava/lang/String;Ljava/lang/String;Ljava/util/Se
Event: 10.957 Thread 0x00000000021f2800 Uncommon trap: reason=unstable_if action=reinterpret pc=0x0000000002a580e0 method=java.util.WeakHashMap.expungeStaleEntries()V @ 66
Event: 11.505 Thread 0x00000000021f2800 Uncommon trap: reason=unstable_if action=reinterpret pc=0x0000000002bd9288 method=java.net.URI.match(CJJ)Z @ 19
Event: 11.507 Thread 0x00000000021f2800 Uncommon trap: reason=unstable_if action=reinterpret pc=0x00000000025e525c method=java.nio.charset.CharsetDecoder.decode(Ljava/nio/ByteBuffer;Ljava/nio/CharBuffer;Z)Ljava/nio/charset/CoderResult; @ 1
Event: 11.510 Thread 0x00000000021f2800 Uncommon trap: reason=predicate action=maybe_recompile pc=0x00000000029647e8 method=sun.misc.Resource.getBytes()[B @ 53
Event: 11.513 Thread 0x00000000021f2800 Uncommon trap: reason=predicate action=maybe_recompile pc=0x0000000002a14d24 method=sun.misc.Resource.getBytes()[B @ 53

Classes redefined (0 events):
No events

Internal exceptions (10 events):
Event: 4.171 Thread 0x00000000021f2800 Exception <a 'java/lang/NullPointerException'> (0x00000000ec0310e0) thrown at [C:\jenkins\workspace\8-2-build-windows-amd64-cygwin\jdk8u251\737\hotspot\src\share\vm\interpreter\linkResolver.cpp, line 1185]
Event: 4.171 Thread 0x00000000021f2800 Exception <a 'java/lang/NullPointerException'> (0x00000000ec0312f8) thrown at [C:\jenkins\workspace\8-2-build-windows-amd64-cygwin\jdk8u251\737\hotspot\src\share\vm\interpreter\linkResolver.cpp, line 1185]
Event: 4.172 Thread 0x00000000021f2800 Exception <a 'java/lang/NullPointerException'> (0x00000000ec038b40) thrown at [C:\jenkins\workspace\8-2-build-windows-amd64-cygwin\jdk8u251\737\hotspot\src\share\vm\interpreter\linkResolver.cpp, line 1185]
Event: 4.172 Thread 0x00000000021f2800 Exception <a 'java/lang/NullPointerException'> (0x00000000ec038d58) thrown at [C:\jenkins\workspace\8-2-build-windows-amd64-cygwin\jdk8u251\737\hotspot\src\share\vm\interpreter\linkResolver.cpp, line 1185]
Event: 4.172 Thread 0x00000000021f2800 Exception <a 'java/lang/NullPointerException'> (0x00000000ec038f70) thrown at [C:\jenkins\workspace\8-2-build-windows-amd64-cygwin\jdk8u251\737\hotspot\src\share\vm\interpreter\linkResolver.cpp, line 1185]
Event: 5.064 Thread 0x00000000021f2800 Implicit null exception at 0x000000000267ced5 to 0x000000000267d0a5
Event: 5.064 Thread 0x00000000021f2800 Implicit null exception at 0x00000000026f6d5b to 0x00000000026f71cd
Event: 5.071 Thread 0x00000000021f2800 Implicit null exception at 0x00000000025f3c2f to 0x00000000025f3c99
Event: 10.397 Thread 0x00000000021f2800 Implicit null exception at 0x0000000002a7871d to 0x0000000002a798d1
Event: 11.505 Thread 0x00000000021f2800 Exception <a 'java/lang/ClassNotFoundException': com/sun/tools/javac/api/JavacTool> (0x00000000ec20ed78) thrown at [C:\jenkins\workspace\8-2-build-windows-amd64-cygwin\jdk8u251\737\hotspot\src\share\vm\classfile\systemDictionary.cpp, line 210]

Events (10 events):
Event: 12.161 loading class com/sun/tools/javac/jvm/Gen$2
Event: 12.161 loading class com/sun/tools/javac/jvm/Gen$2 done
Event: 12.163 loading class com/sun/tools/javac/jvm/Gen$1
Event: 12.163 loading class com/sun/tools/javac/jvm/Gen$1 done
Event: 12.165 loading class com/sun/tools/javac/comp/Lower
Event: 12.165 loading class com/sun/tools/javac/comp/Lower done
Event: 12.168 loading class com/sun/tools/javac/comp/Lower$1
Event: 12.168 loading class com/sun/tools/javac/comp/Lower$1 done
Event: 12.169 loading class com/sun/tools/javac/comp/Lower$TreeBuilder
Event: 12.169 loading class com/sun/tools/javac/comp/Lower$TreeBuilder done


Dynamic libraries:
0x00007ff759a60000 - 0x00007ff759a97000 	C:\Program Files\Java\jdk1.8.0_251\bin\java.exe
0x00007ffddf500000 - 0x00007ffddf6f0000 	C:\WINDOWS\SYSTEM32\ntdll.dll
0x00007ffddd8f0000 - 0x00007ffddd9a2000 	C:\WINDOWS\System32\KERNEL32.DLL
0x00007ffddcdf0000 - 0x00007ffddd093000 	C:\WINDOWS\System32\KERNELBASE.dll
0x00007ffddf240000 - 0x00007ffddf2e3000 	C:\WINDOWS\System32\ADVAPI32.dll
0x00007ffdddfe0000 - 0x00007ffdde07e000 	C:\WINDOWS\System32\msvcrt.dll
0x00007ffdde1d0000 - 0x00007ffdde267000 	C:\WINDOWS\System32\sechost.dll
0x00007ffddea00000 - 0x00007ffddeb20000 	C:\WINDOWS\System32\RPCRT4.dll
0x00007ffddd9b0000 - 0x00007ffdddb44000 	C:\WINDOWS\System32\USER32.dll
0x00007ffddcdc0000 - 0x00007ffddcde1000 	C:\WINDOWS\System32\win32u.dll
0x00007ffdde080000 - 0x00007ffdde0a6000 	C:\WINDOWS\System32\GDI32.dll
0x00007ffddd210000 - 0x00007ffddd3a4000 	C:\WINDOWS\System32\gdi32full.dll
0x00007ffddd0f0000 - 0x00007ffddd18e000 	C:\WINDOWS\System32\msvcp_win.dll
0x00007ffddccc0000 - 0x00007ffddcdba000 	C:\WINDOWS\System32\ucrtbase.dll
0x00007ffdc6910000 - 0x00007ffdc6b95000 	C:\WINDOWS\WinSxS\amd64_microsoft.windows.common-controls_6595b64144ccf1df_6.0.18362.778_none_e6c6b761130d4fb8\COMCTL32.dll
0x00007ffdddc40000 - 0x00007ffdddf76000 	C:\WINDOWS\System32\combase.dll
0x00007ffddd190000 - 0x00007ffddd210000 	C:\WINDOWS\System32\bcryptPrimitives.dll
0x00007ffddeb20000 - 0x00007ffddeb4e000 	C:\WINDOWS\System32\IMM32.DLL
0x0000000076c30000 - 0x0000000076d02000 	C:\Program Files\Java\jdk1.8.0_251\jre\bin\msvcr100.dll
0x0000000076050000 - 0x00000000768fb000 	C:\Program Files\Java\jdk1.8.0_251\jre\bin\server\jvm.dll
0x00007ffddf4b0000 - 0x00007ffddf4b8000 	C:\WINDOWS\System32\PSAPI.DLL
0x00007ffdd8000000 - 0x00007ffdd8009000 	C:\WINDOWS\SYSTEM32\WSOCK32.dll
0x00007ffdd9ae0000 - 0x00007ffdd9b04000 	C:\WINDOWS\SYSTEM32\WINMM.dll
0x00007ffddd740000 - 0x00007ffddd7af000 	C:\WINDOWS\System32\WS2_32.dll
0x00007ffdcc4c0000 - 0x00007ffdcc4ca000 	C:\WINDOWS\SYSTEM32\VERSION.dll
0x00007ffdd99b0000 - 0x00007ffdd99dd000 	C:\WINDOWS\SYSTEM32\WINMMBASE.dll
0x00007ffddd0a0000 - 0x00007ffddd0ea000 	C:\WINDOWS\System32\cfgmgr32.dll
0x00007ffdd27b0000 - 0x00007ffdd27bf000 	C:\Program Files\Java\jdk1.8.0_251\jre\bin\verify.dll
0x00007ffdc9fd0000 - 0x00007ffdc9ff9000 	C:\Program Files\Java\jdk1.8.0_251\jre\bin\java.dll
0x00007ffdc9cd0000 - 0x00007ffdc9ce6000 	C:\Program Files\Java\jdk1.8.0_251\jre\bin\zip.dll
0x00007ffddeb50000 - 0x00007ffddf235000 	C:\WINDOWS\System32\SHELL32.dll
0x00007ffdde110000 - 0x00007ffdde1b9000 	C:\WINDOWS\System32\shcore.dll
0x00007ffddc490000 - 0x00007ffddcc10000 	C:\WINDOWS\System32\windows.storage.dll
0x00007ffddc460000 - 0x00007ffddc483000 	C:\WINDOWS\System32\profapi.dll
0x00007ffddc3f0000 - 0x00007ffddc43a000 	C:\WINDOWS\System32\powrprof.dll
0x00007ffddc3c0000 - 0x00007ffddc3d0000 	C:\WINDOWS\System32\UMPDC.dll
0x00007ffdddf80000 - 0x00007ffdddfd2000 	C:\WINDOWS\System32\shlwapi.dll
0x00007ffddc3d0000 - 0x00007ffddc3e1000 	C:\WINDOWS\System32\kernel.appcore.dll
0x00007ffddcc10000 - 0x00007ffddcc27000 	C:\WINDOWS\System32\cryptsp.dll
0x00007ffdc93f0000 - 0x00007ffdc93fa000 	C:\apache-maven-3.6.3\lib\jansi-native\windows64\jansi.dll
0x00007ffdc7cf0000 - 0x00007ffdc7d0a000 	C:\Program Files\Java\jdk1.8.0_251\jre\bin\net.dll
0x00007ffddbc30000 - 0x00007ffddbc97000 	C:\WINDOWS\system32\mswsock.dll
0x00007ffdc6d90000 - 0x00007ffdc6da2000 	C:\Program Files\Java\jdk1.8.0_251\jre\bin\nio.dll

VM Arguments:
jvm_args: -Dclassworlds.conf=C:/apache-maven-3.6.3/bin/m2.conf -Dmaven.home=C:/apache-maven-3.6.3 -Dlibrary.jansi.path=C:/apache-maven-3.6.3/lib/jansi-native -Dmaven.multiModuleProjectDirectory=C:/Users/neuza/Desktop/zeetzmc/skywars 
java_command: org.codehaus.plexus.classworlds.launcher.Launcher clean package
java_class_path (initial): C:/apache-maven-3.6.3/boot/plexus-classworlds-2.6.0.jar
Launcher Type: SUN_STANDARD

Environment Variables:
JAVA_HOME=C:/Program Files/Java/jdk1.8.0_251
PATH=C:\Users\neuza\bin;C:\Program Files\Git\mingw64\bin;C:\Program Files\Git\usr\local\bin;C:\Program Files\Git\usr\bin;C:\Program Files\Git\usr\bin;C:\Program Files\Git\mingw64\bin;C:\Program Files\Git\usr\bin;C:\Users\neuza\bin;C:\Program Files (x86)\Common Files\Intel\Shared Libraries\redist\intel64_win\compiler;C:\WINDOWS\system32;C:\WINDOWS;C:\WINDOWS\System32\Wbem;C:\WINDOWS\System32\WindowsPowerShell\v1.0;C:\WINDOWS\System32\OpenSSH;C:\Users\neuza\AppData\Local\Programs\Python\Python37\Scripts;C:\Program Files\Git\cmd;C:\Users\neuza\AppData\Local\Programs\Python\Python37;C:\Program Files\CMake\bin;C:\Program Files\nodejs;C:\Program Files (x86)\Yarn\bin;C:\apache-maven-3.6.3\bin;C:\Program Files\Java\jdk1.8.0_251\bin;C:\Users\neuza\AppData\Local\Microsoft\WindowsApps;C:\Users\neuza\AppData\Roaming\npm;C:\Users\neuza\AppData\Local\Yarn\bin;C:\Users\neuza\AppData\Local\Programs\Microsoft VS Code\bin;C:\Program Files\Git\usr\bin\vendor_perl;C:\Program Files\Git\usr\bin\core_perl
USERNAME=neuza
SHELL=C:\Program Files\Git\usr\bin\bash.exe
DISPLAY=needs-to-be-defined
OS=Windows_NT
PROCESSOR_IDENTIFIER=Intel64 Family 6 Model 92 Stepping 9, GenuineIntel



---------------  S Y S T E M  ---------------

OS: Windows 10.0 , 64 bit Build 18362 (10.0.18362.778)

CPU:total 2 (initial active 2) (2 cores per cpu, 1 threads per core) family 6 model 92 stepping 9, cmov, cx8, fxsr, mmx, sse, sse2, sse3, ssse3, sse4.1, sse4.2, popcnt, aes, clmul, erms, 3dnowpref, tsc, tscinvbit

Memory: 4k page, physical 4054548k(348196k free), swap 4054548k(5620k free)

vm_info: Java HotSpot(TM) 64-Bit Server VM (25.251-b08) for windows-amd64 JRE (1.8.0_251-b08), built on Mar 12 2020 06:31:49 by "" with MS VC++ 10.0 (VS2010)

time: Sat May 02 23:18:39 2020
timezone: GMT Summer Time
elapsed time: 12 seconds (0d 0h 0m 12s)

